mode: set
github.com/jonhilgart22/go-trader/app/utils/csv_parsing_utils.go:19.44,28.2 3 0
github.com/jonhilgart22/go-trader/app/utils/csv_parsing_utils.go:30.52,32.2 1 1
github.com/jonhilgart22/go-trader/app/utils/csv_parsing_utils.go:34.62,37.16 2 0
github.com/jonhilgart22/go-trader/app/utils/csv_parsing_utils.go:41.2,41.15 1 0
github.com/jonhilgart22/go-trader/app/utils/csv_parsing_utils.go:37.16,38.13 1 0
github.com/jonhilgart22/go-trader/app/utils/csv_parsing_utils.go:45.44,46.22 1 0
github.com/jonhilgart22/go-trader/app/utils/csv_parsing_utils.go:52.2,52.14 1 0
github.com/jonhilgart22/go-trader/app/utils/csv_parsing_utils.go:46.22,47.15 1 0
github.com/jonhilgart22/go-trader/app/utils/csv_parsing_utils.go:47.15,49.4 1 0
github.com/jonhilgart22/go-trader/app/utils/csv_parsing_utils.go:55.129,61.18 5 1
github.com/jonhilgart22/go-trader/app/utils/csv_parsing_utils.go:66.2,66.44 1 1
github.com/jonhilgart22/go-trader/app/utils/csv_parsing_utils.go:97.2,97.26 1 1
github.com/jonhilgart22/go-trader/app/utils/csv_parsing_utils.go:61.18,64.3 2 0
github.com/jonhilgart22/go-trader/app/utils/csv_parsing_utils.go:66.44,69.90 2 1
github.com/jonhilgart22/go-trader/app/utils/csv_parsing_utils.go:69.90,73.18 3 1
github.com/jonhilgart22/go-trader/app/utils/csv_parsing_utils.go:77.4,90.19 3 1
github.com/jonhilgart22/go-trader/app/utils/csv_parsing_utils.go:93.4,94.26 2 1
github.com/jonhilgart22/go-trader/app/utils/csv_parsing_utils.go:73.18,76.5 2 0
github.com/jonhilgart22/go-trader/app/utils/csv_parsing_utils.go:90.19,91.16 1 0
github.com/jonhilgart22/go-trader/app/utils/csv_parsing_utils.go:100.90,103.43 3 1
github.com/jonhilgart22/go-trader/app/utils/csv_parsing_utils.go:110.2,110.37 1 1
github.com/jonhilgart22/go-trader/app/utils/csv_parsing_utils.go:103.43,104.41 1 1
github.com/jonhilgart22/go-trader/app/utils/csv_parsing_utils.go:104.41,107.4 2 1
github.com/jonhilgart22/go-trader/app/utils/csv_parsing_utils.go:113.73,114.11 1 0
github.com/jonhilgart22/go-trader/app/utils/csv_parsing_utils.go:120.2,121.16 2 0
github.com/jonhilgart22/go-trader/app/utils/csv_parsing_utils.go:124.2,129.6 4 0
github.com/jonhilgart22/go-trader/app/utils/csv_parsing_utils.go:148.2,148.16 1 0
github.com/jonhilgart22/go-trader/app/utils/csv_parsing_utils.go:114.11,118.3 2 0
github.com/jonhilgart22/go-trader/app/utils/csv_parsing_utils.go:121.16,122.13 1 0
github.com/jonhilgart22/go-trader/app/utils/csv_parsing_utils.go:129.6,131.22 2 0
github.com/jonhilgart22/go-trader/app/utils/csv_parsing_utils.go:138.3,145.5 1 0
github.com/jonhilgart22/go-trader/app/utils/csv_parsing_utils.go:131.22,132.9 1 0
github.com/jonhilgart22/go-trader/app/utils/csv_parsing_utils.go:133.9,133.26 1 0
github.com/jonhilgart22/go-trader/app/utils/csv_parsing_utils.go:133.26,134.16 1 0
github.com/jonhilgart22/go-trader/app/utils/csv_parsing_utils.go:135.9,135.111 1 0
github.com/jonhilgart22/go-trader/app/utils/csv_parsing_utils.go:135.111,136.12 1 0
github.com/jonhilgart22/go-trader/app/utils/yaml_utils.go:14.116,21.18 4 0
github.com/jonhilgart22/go-trader/app/utils/yaml_utils.go:27.2,30.16 3 0
github.com/jonhilgart22/go-trader/app/utils/yaml_utils.go:33.2,35.22 3 0
github.com/jonhilgart22/go-trader/app/utils/yaml_utils.go:46.2,46.24 1 0
github.com/jonhilgart22/go-trader/app/utils/yaml_utils.go:21.18,25.3 2 0
github.com/jonhilgart22/go-trader/app/utils/yaml_utils.go:30.16,31.13 1 0
github.com/jonhilgart22/go-trader/app/utils/yaml_utils.go:35.22,36.19 1 0
github.com/jonhilgart22/go-trader/app/utils/yaml_utils.go:37.8,38.37 1 0
github.com/jonhilgart22/go-trader/app/utils/yaml_utils.go:43.3,44.19 2 0
github.com/jonhilgart22/go-trader/app/utils/yaml_utils.go:38.37,42.4 1 0
github.com/jonhilgart22/go-trader/app/utils/yaml_utils.go:49.99,50.29 1 0
github.com/jonhilgart22/go-trader/app/utils/yaml_utils.go:57.2,57.18 1 0
github.com/jonhilgart22/go-trader/app/utils/yaml_utils.go:62.2,65.16 3 0
github.com/jonhilgart22/go-trader/app/utils/yaml_utils.go:68.2,71.22 3 0
github.com/jonhilgart22/go-trader/app/utils/yaml_utils.go:82.2,82.24 1 0
github.com/jonhilgart22/go-trader/app/utils/yaml_utils.go:50.29,55.3 3 0
github.com/jonhilgart22/go-trader/app/utils/yaml_utils.go:57.18,61.3 2 0
github.com/jonhilgart22/go-trader/app/utils/yaml_utils.go:65.16,66.13 1 0
github.com/jonhilgart22/go-trader/app/utils/yaml_utils.go:71.22,73.3 1 0
github.com/jonhilgart22/go-trader/app/utils/yaml_utils.go:73.8,74.37 1 0
github.com/jonhilgart22/go-trader/app/utils/yaml_utils.go:79.3,80.19 2 0
github.com/jonhilgart22/go-trader/app/utils/yaml_utils.go:74.37,78.4 1 0
github.com/jonhilgart22/go-trader/app/utils/yaml_utils.go:86.30,88.21 2 0
github.com/jonhilgart22/go-trader/app/utils/yaml_utils.go:88.21,90.3 1 0
github.com/jonhilgart22/go-trader/app/src/main.go:26.13,28.2 1 0
github.com/jonhilgart22/go-trader/app/src/main.go:30.86,55.14 13 0
github.com/jonhilgart22/go-trader/app/src/main.go:59.2,61.28 3 0
github.com/jonhilgart22/go-trader/app/src/main.go:76.2,97.20 13 0
github.com/jonhilgart22/go-trader/app/src/main.go:104.2,118.16 10 0
github.com/jonhilgart22/go-trader/app/src/main.go:121.2,129.16 7 0
github.com/jonhilgart22/go-trader/app/src/main.go:133.2,133.21 1 0
github.com/jonhilgart22/go-trader/app/src/main.go:182.2,186.16 3 0
github.com/jonhilgart22/go-trader/app/src/main.go:190.2,190.21 1 0
github.com/jonhilgart22/go-trader/app/src/main.go:196.2,196.25 1 0
github.com/jonhilgart22/go-trader/app/src/main.go:55.14,56.11 1 0
github.com/jonhilgart22/go-trader/app/src/main.go:61.28,66.3 2 0
github.com/jonhilgart22/go-trader/app/src/main.go:66.8,66.35 1 0
github.com/jonhilgart22/go-trader/app/src/main.go:66.35,70.3 2 0
github.com/jonhilgart22/go-trader/app/src/main.go:70.8,70.35 1 0
github.com/jonhilgart22/go-trader/app/src/main.go:70.35,74.3 2 0
github.com/jonhilgart22/go-trader/app/src/main.go:97.20,99.3 1 0
github.com/jonhilgart22/go-trader/app/src/main.go:99.8,99.25 1 0
github.com/jonhilgart22/go-trader/app/src/main.go:99.25,102.3 2 0
github.com/jonhilgart22/go-trader/app/src/main.go:118.16,119.13 1 0
github.com/jonhilgart22/go-trader/app/src/main.go:129.16,130.13 1 0
github.com/jonhilgart22/go-trader/app/src/main.go:133.21,134.23 1 0
github.com/jonhilgart22/go-trader/app/src/main.go:135.15,136.66 1 0
github.com/jonhilgart22/go-trader/app/src/main.go:137.23,138.74 1 0
github.com/jonhilgart22/go-trader/app/src/main.go:139.22,141.43 2 0
github.com/jonhilgart22/go-trader/app/src/main.go:143.24,144.75 1 0
github.com/jonhilgart22/go-trader/app/src/main.go:145.22,150.30 3 0
github.com/jonhilgart22/go-trader/app/src/main.go:158.4,161.18 3 0
github.com/jonhilgart22/go-trader/app/src/main.go:165.4,165.58 1 0
github.com/jonhilgart22/go-trader/app/src/main.go:167.24,168.75 1 0
github.com/jonhilgart22/go-trader/app/src/main.go:169.30,170.116 1 0
github.com/jonhilgart22/go-trader/app/src/main.go:171.34,172.119 1 0
github.com/jonhilgart22/go-trader/app/src/main.go:173.11,174.62 1 0
github.com/jonhilgart22/go-trader/app/src/main.go:150.30,152.5 1 0
github.com/jonhilgart22/go-trader/app/src/main.go:152.10,152.37 1 0
github.com/jonhilgart22/go-trader/app/src/main.go:152.37,154.5 1 0
github.com/jonhilgart22/go-trader/app/src/main.go:154.10,154.37 1 0
github.com/jonhilgart22/go-trader/app/src/main.go:154.37,156.5 1 0
github.com/jonhilgart22/go-trader/app/src/main.go:161.18,162.15 1 0
github.com/jonhilgart22/go-trader/app/src/main.go:176.8,178.3 1 0
github.com/jonhilgart22/go-trader/app/src/main.go:186.16,187.13 1 0
github.com/jonhilgart22/go-trader/app/src/main.go:190.21,192.3 1 0
github.com/jonhilgart22/go-trader/app/src/main.go:192.8,194.3 1 0
github.com/jonhilgart22/go-trader/app/src/main.go:200.145,203.16 2 0
github.com/jonhilgart22/go-trader/app/src/main.go:207.2,207.26 1 0
github.com/jonhilgart22/go-trader/app/src/main.go:203.16,205.3 1 0
github.com/jonhilgart22/go-trader/app/src/main.go:207.26,209.40 1 0
github.com/jonhilgart22/go-trader/app/src/main.go:209.40,210.22 1 0
github.com/jonhilgart22/go-trader/app/src/main.go:210.22,212.5 1 0
github.com/jonhilgart22/go-trader/app/src/main.go:212.10,217.5 3 0
github.com/jonhilgart22/go-trader/app/src/main.go:223.194,240.2 9 1
github.com/jonhilgart22/go-trader/app/src/main.go:242.79,244.16 2 0
github.com/jonhilgart22/go-trader/app/src/main.go:248.2,252.16 4 0
github.com/jonhilgart22/go-trader/app/src/main.go:255.2,256.16 2 0
github.com/jonhilgart22/go-trader/app/src/main.go:261.2,262.16 2 0
github.com/jonhilgart22/go-trader/app/src/main.go:267.2,270.20 4 0
github.com/jonhilgart22/go-trader/app/src/main.go:244.16,247.3 2 0
github.com/jonhilgart22/go-trader/app/src/main.go:252.16,253.13 1 0
github.com/jonhilgart22/go-trader/app/src/main.go:256.16,258.13 2 0
github.com/jonhilgart22/go-trader/app/src/main.go:262.16,264.13 2 0
github.com/jonhilgart22/go-trader/app/src/main.go:270.20,271.17 1 0
github.com/jonhilgart22/go-trader/app/src/main.go:275.128,295.2 11 0
